

Microchip MPLAB XC8 Assembler V2.36 build 20220127204148 
                                                                                                           Wed May 25 10:26:16 2022


     1                           	processor	16F84A
     2                           	pagewidth 132
     3                           	psect	udata,global,class=RAM,space=1,delta=1,noexec
     4                           	psect	udata_bank0,global,class=BANK0,space=1,delta=1,noexec
     5                           	psect	code,global,class=CODE,delta=2
     6                           	psect	data,global,class=STRCODE,delta=2,noexec
     7                           	psect	edata,global,class=EEDATA,space=3,delta=2,noexec
     8                           	psect	barfunc,local,class=CODE,delta=2
     9                           	psect	pa_nodes0,global,class=CODE,delta=2
    10  0089                     
    11                           	psect	edata
    12  0000                     stk_offset	set	0
    13  0000                     auto_size	set	0
    14                           
    15                           ; stack_auto defines a symbol /name/_offset which equates to the
    16                           ; stack offset of the auto object in question
    17  0000                     
    18                           ; stack_param defines a symbol /name/_offset which equates to the
    19                           ; stack offset of the parameter object in question
    20  0000                     
    21                           ; alloc_stack adjusts the SP to allocate space for auto objects
    22                           ; it also links in to the btemp symbol so that can be used
    23  0000                     
    24                           ; restore_stack adjusts the SP to remove all auto and parameter
    25                           ; objects from the stack prior to returning from a function
    26  0000                     	; extern of bar function goes in the C source file
    27                           
    28                           	psect	barfunc
    29  03FE                     _bar:	
    30                           ; When assembly code is placed in a psect, it can be manipulated as a
    31                           ; whole by the linker and placed in memory.
    32                           ;
    33                           ; In this example, barfunc is the program section (psect) name, 'local' means
    34                           ; that the section will not be combined with other sections even if they have
    35                           ; the same name. class=CODE means the barfunc must go in the CODE container.
    36                           ; PIC18's should have a delta (addressible unit size) of 1 (default) since they
    37                           ; are byte addressible. PIC10/12/16's have a delta of 2 since they are word
    38                           ; addressible. PIC18's should have a reloc (alignment) flag of 2 for any
    39                           ; psect which contains executable code. PIC10/12/16's can use the default
    40                           ; reloc value of 1. Use one of the psects below for the device you use:
    41                           ; psect barfunc,local,class=CODE,reloc=2 ; PIC18
    42                           
    43  03FE  0805               	movf	5,w	; here we use a symbol defined via xc.inc
    44  03FF  0008               	return


Microchip Technology PIC Macro Assembler V2.36 build 20220127204148 
Symbol Table                                                                                               Wed May 25 10:26:16 2022

                      _bar 03FE                       PORTA 0005  
